This is pdfTeX, Version 3.1415926-2.3-1.40.12 (TeX Live 2011) (format=pdflatex 2011.7.3)  7 FEB 2017 05:26
entering extended mode
 \write18 enabled.
 file:line:error style messages enabled.
 %&-line parsing enabled.
**/Users/unamay/students/Steve-Fine-MEng-2016/git_BGP_steven_fine/docs/gecco_2017_BGP_paper/TSWLatexianTemp_001321.tex
(/Users/unamay/students/Steve-Fine-MEng-2016/git_BGP_steven_fine/docs/gecco_2017_BGP_paper/TSWLatexianTemp_001321.tex
LaTeX2e <2009/09/24>
Babel <v3.8l> and hyphenation patterns for english, dumylang, nohyphenation, german-x-2009-06-19, ngerman-x-2009-06-19, afrikaans, ancientgreek, ibycus, arabic, armenian, basque, bulgarian, catalan, pinyin, coptic, croatian, czech, danish, dutch, ukenglish, usenglishmax, esperanto, estonian, ethiopic, farsi, finnish, french, galician, german, ngerman, swissgerman, monogreek, greek, hungarian, icelandic, assamese, bengali, gujarati, hindi, kannada, malayalam, marathi, oriya, panjabi, tamil, telugu, indonesian, interlingua, irish, italian, kurmanji, lao, latin, latvian, lithuanian, mongolian, mongolianlmc, bokmal, nynorsk, polish, portuguese, romanian, russian, sanskrit, serbian, serbianc, slovak, slovenian, spanish, swedish, turkish, turkmen, ukrainian, uppersorbian, welsh, loaded.
(./acmart.cls
Document Class: acmart 2016/12/03 v1.25 Typesetting articles for Association of Computing Machinery
(/usr/local/texlive/2011/texmf-dist/tex/latex/xkeyval/xkeyval.sty
Package: xkeyval 2008/08/13 v2.6a package option processing (HA)
 (/usr/local/texlive/2011/texmf-dist/tex/generic/xkeyval/xkeyval.tex
\XKV@toks=\toks14
\XKV@tempa@toks=\toks15
\XKV@depth=\count79
File: xkeyval.tex 2008/08/13 v2.6a key=value parser (HA)
 (/usr/local/texlive/2011/texmf-dist/tex/generic/xkeyval/keyval.tex)))
Package acmart Info: Not using screen mode on input line 69.
Package acmart Info: Not using review mode on input line 77.
Package acmart Info: Not using authorversion mode on input line 85.
Package acmart Info: Not using anonymous mode on input line 103.
Class acmart Info: Using format sigconf, number 4 on input line 112.
Class acmart Info: Using fontsize 9pt on input line 168.
 (/usr/local/texlive/2011/texmf-dist/tex/latex/amscls/amsart.cls
Document Class: amsart 2009/07/02 v2.20.1
\linespacing=\dimen102
\normalparindent=\dimen103
\normaltopskip=\skip41
(/usr/local/texlive/2011/texmf-dist/tex/latex/amsmath/amsmath.sty
Package: amsmath 2000/07/18 v2.13 AMS math features
\@mathmargin=\skip42

For additional information on amsmath, use the `?' option.
(/usr/local/texlive/2011/texmf-dist/tex/latex/amsmath/amstext.sty
Package: amstext 2000/06/29 v2.01
 (/usr/local/texlive/2011/texmf-dist/tex/latex/amsmath/amsgen.sty
File: amsgen.sty 1999/11/30 v2.0
\@emptytoks=\toks16
\ex@=\dimen104
)) (/usr/local/texlive/2011/texmf-dist/tex/latex/amsmath/amsbsy.sty
Package: amsbsy 1999/11/29 v1.2d
\pmbraise@=\dimen105
) (/usr/local/texlive/2011/texmf-dist/tex/latex/amsmath/amsopn.sty
Package: amsopn 1999/12/14 v2.01 operator names
)
\inf@bad=\count80
LaTeX Info: Redefining \frac on input line 211.
\uproot@=\count81
\leftroot@=\count82
LaTeX Info: Redefining \overline on input line 307.
\classnum@=\count83
\DOTSCASE@=\count84
LaTeX Info: Redefining \ldots on input line 379.
LaTeX Info: Redefining \dots on input line 382.
LaTeX Info: Redefining \cdots on input line 467.
\Mathstrutbox@=\box26
\strutbox@=\box27
\big@size=\dimen106
LaTeX Font Info:    Redeclaring font encoding OML on input line 567.
LaTeX Font Info:    Redeclaring font encoding OMS on input line 568.
\macc@depth=\count85
\c@MaxMatrixCols=\count86
\dotsspace@=\muskip10
\c@parentequation=\count87
\dspbrk@lvl=\count88
\tag@help=\toks17
\row@=\count89
\column@=\count90
\maxfields@=\count91
\andhelp@=\toks18
\eqnshift@=\dimen107
\alignsep@=\dimen108
\tagshift@=\dimen109
\tagwidth@=\dimen110
\totwidth@=\dimen111
\lineht@=\dimen112
\@envbody=\toks19
\multlinegap=\skip43
\multlinetaggap=\skip44
\mathdisplay@stack=\toks20
LaTeX Info: Redefining \[ on input line 2666.
LaTeX Info: Redefining \] on input line 2667.
)
LaTeX Font Info:    Try loading font information for U+msa on input line 388.
 (/usr/local/texlive/2011/texmf-dist/tex/latex/amsfonts/umsa.fd
File: umsa.fd 2009/06/22 v3.00 AMS symbols A
) (/usr/local/texlive/2011/texmf-dist/tex/latex/amsfonts/amsfonts.sty
Package: amsfonts 2009/06/22 v3.00 Basic AMSFonts support
\symAMSa=\mathgroup4
\symAMSb=\mathgroup5
LaTeX Font Info:    Overwriting math alphabet `\mathfrak' in version `bold'
(Font)                  U/euf/m/n --> U/euf/b/n on input line 96.
)
\copyins=\insert233
\abstractbox=\box28
\listisep=\skip45
\c@part=\count92
\c@section=\count93
\c@subsection=\count94
\c@subsubsection=\count95
\c@paragraph=\count96
\c@subparagraph=\count97
\c@figure=\count98
\c@table=\count99
\abovecaptionskip=\skip46
\belowcaptionskip=\skip47
\captionindent=\dimen113
\thm@style=\toks21
\thm@bodyfont=\toks22
\thm@headfont=\toks23
\thm@notefont=\toks24
\thm@headpunct=\toks25
\thm@preskip=\skip48
\thm@postskip=\skip49
\thm@headsep=\skip50
\dth@everypar=\toks26
) (/usr/local/texlive/2011/texmf-dist/tex/latex/microtype/microtype.sty
Package: microtype 2010/01/10 v2.4 Micro-typography with pdfTeX (RS)
\MT@toks=\toks27
\MT@count=\count100
LaTeX Info: Redefining \lsstyle on input line 1597.
LaTeX Info: Redefining \lslig on input line 1597.
\MT@outer@space=\skip51
LaTeX Info: Redefining \textls on input line 1605.
\MT@outer@kern=\dimen114
LaTeX Info: Redefining \textmicrotypecontext on input line 2156.
Package microtype Info: Loading configuration file microtype.cfg.
 (/usr/local/texlive/2011/texmf-dist/tex/latex/microtype/microtype.cfg
File: microtype.cfg 2010/01/10 v2.4 microtype main configuration file (RS)
)) (/usr/local/texlive/2011/texmf-dist/tex/latex/totpages/totpages.sty
Package: totpages 2005/09/19 v2.00 Totpages Package (muewi)
 (/usr/local/texlive/2011/texmf-dist/tex/latex/ms/everyshi.sty
Package: everyshi 2001/05/15 v3.00 EveryShipout Package (MS)
)) (/usr/local/texlive/2011/texmf-dist/tex/latex/environ/environ.sty
Package: environ 2008/06/18 v0.2 A new way to define environments
) (/usr/local/texlive/2011/texmf-dist/tex/latex/natbib/natbib.sty
Package: natbib 2010/09/13 8.31b (PWD, AO)
\bibhang=\skip52
\bibsep=\skip53
LaTeX Info: Redefining \cite on input line 694.
\c@NAT@ctr=\count101
) (/usr/local/texlive/2011/texmf-dist/tex/latex/hyperref/hyperref.sty
Package: hyperref 2011/04/17 v6.82g Hypertext links for LaTeX
 (/usr/local/texlive/2011/texmf-dist/tex/generic/oberdiek/hobsub-hyperref.sty
Package: hobsub-hyperref 2011/04/23 v1.4 Bundle oberdiek, subset hyperref (HO)
 (/usr/local/texlive/2011/texmf-dist/tex/generic/oberdiek/hobsub-generic.sty
Package: hobsub-generic 2011/04/23 v1.4 Bundle oberdiek, subset generic (HO)
Package: hobsub 2011/04/23 v1.4 Subsetting bundle oberdiek (HO)
Package: infwarerr 2010/04/08 v1.3 Providing info/warning/message (HO)
Package: ltxcmds 2011/04/18 v1.20 LaTeX kernel commands for general use (HO)
Package: ifluatex 2010/03/01 v1.3 Provides the ifluatex switch (HO)
Package ifluatex Info: LuaTeX not detected.
Package: ifvtex 2010/03/01 v1.5 Switches for detecting VTeX and its modes (HO)
Package ifvtex Info: VTeX not detected.
Package: intcalc 2007/09/27 v1.1 Expandable integer calculations (HO)
Package: ifpdf 2011/01/30 v2.3 Provides the ifpdf switch (HO)
Package ifpdf Info: pdfTeX in PDF mode is detected.
Package: etexcmds 2011/02/16 v1.5 Prefix for e-TeX command names (HO)
Package etexcmds Info: Could not find \expanded.
(etexcmds)             That can mean that you are not using pdfTeX 1.50 or
(etexcmds)             that some package has redefined \expanded.
(etexcmds)             In the latter case, load this package earlier.
Package: kvsetkeys 2011/04/07 v1.13 Key value parser (HO)
Package: kvdefinekeys 2011/04/07 v1.3 Defining keys (HO)
Package: pdftexcmds 2011/04/22 v0.16 Utilities of pdfTeX for LuaTeX (HO)
Package pdftexcmds Info: LuaTeX not detected.
Package pdftexcmds Info: \pdf@primitive is available.
Package pdftexcmds Info: \pdf@ifprimitive is available.
Package pdftexcmds Info: \pdfdraftmode found.
Package: pdfescape 2011/04/04 v1.12 Provides string conversions (HO)
Package: bigintcalc 2011/01/30 v1.2 Expandable big integer calculations (HO)
Package: bitset 2011/01/30 v1.1 Data type bit set (HO)
Package: uniquecounter 2011/01/30 v1.2 Provides unlimited unique counter (HO)
)
Package hobsub Info: Skipping package `hobsub' (already loaded).
Package: letltxmacro 2010/09/02 v1.4 Let assignment for LaTeX macros (HO)
Package: hopatch 2011/01/30 v1.0 Wrapper for package hooks (HO)
Package: xcolor-patch 2011/01/30 xcolor patch
Package: atveryend 2011/04/23 v1.7 Hooks at very end of document (HO)
Package atveryend Info: \enddocument detected (standard).
Package: atbegshi 2011/01/30 v1.15 At begin shipout hook (HO)
Package: refcount 2010/12/01 v3.2 Data extraction from references (HO)
Package: hycolor 2011/01/30 v1.7 Color options of hyperref/bookmark (HO)
) (/usr/local/texlive/2011/texmf-dist/tex/generic/ifxetex/ifxetex.sty
Package: ifxetex 2010/09/12 v0.6 Provides ifxetex conditional
) (/usr/local/texlive/2011/texmf-dist/tex/latex/oberdiek/kvoptions.sty
Package: kvoptions 2010/12/23 v3.10 Keyval support for LaTeX options (HO)
)
\@linkdim=\dimen115
\Hy@linkcounter=\count102
\Hy@pagecounter=\count103
 (/usr/local/texlive/2011/texmf-dist/tex/latex/hyperref/pd1enc.def
File: pd1enc.def 2011/04/17 v6.82g Hyperref: PDFDocEncoding definition (HO)
)
\Hy@SavedSpaceFactor=\count104
 (/usr/local/texlive/2011/texmf-dist/tex/latex/latexconfig/hyperref.cfg
File: hyperref.cfg 2002/06/06 v1.2 hyperref configuration of TeXLive
)
Package hyperref Info: Option `bookmarksnumbered' set `true' on input line 3905.
Package hyperref Info: Hyper figures OFF on input line 4026.
Package hyperref Info: Link nesting OFF on input line 4031.
Package hyperref Info: Hyper index ON on input line 4034.
Package hyperref Info: Plain pages OFF on input line 4041.
Package hyperref Info: Backreferencing OFF on input line 4046.
Package hyperref Info: Implicit mode ON; LaTeX internals redefined.
Package hyperref Info: Bookmarks ON on input line 4264.
\c@Hy@tempcnt=\count105
 (/usr/local/texlive/2011/texmf-dist/tex/latex/url/url.sty
\Urlmuskip=\muskip11
Package: url 2006/04/12  ver 3.3  Verb mode for urls, etc.
)
LaTeX Info: Redefining \url on input line 4617.
\Fld@menulength=\count106
\Field@Width=\dimen116
\Fld@charsize=\dimen117
Package hyperref Info: Hyper figures OFF on input line 5701.
Package hyperref Info: Link nesting OFF on input line 5706.
Package hyperref Info: Hyper index ON on input line 5709.
Package hyperref Info: backreferencing OFF on input line 5716.
Package hyperref Info: Link coloring OFF on input line 5721.
Package hyperref Info: Link coloring with OCG OFF on input line 5726.
Package hyperref Info: PDF/A mode OFF on input line 5731.
LaTeX Info: Redefining \ref on input line 5771.
LaTeX Info: Redefining \pageref on input line 5775.
\Hy@abspage=\count107
\c@Item=\count108
\c@Hfootnote=\count109
)

Package hyperref Message: Driver (autodetected): hpdftex.

(/usr/local/texlive/2011/texmf-dist/tex/latex/hyperref/hpdftex.def
File: hpdftex.def 2011/04/17 v6.82g Hyperref driver for pdfTeX
\Fld@listcount=\count110
\c@bookmark@seq@number=\count111
 (/usr/local/texlive/2011/texmf-dist/tex/latex/oberdiek/rerunfilecheck.sty
Package: rerunfilecheck 2011/04/15 v1.7 Rerun checks for auxiliary files (HO)
Package uniquecounter Info: New unique counter `rerunfilecheck' on input line 282.
)
\Hy@SectionHShift=\skip54
) (/usr/local/texlive/2011/texmf-dist/tex/latex/graphics/graphicx.sty
Package: graphicx 1999/02/16 v1.0f Enhanced LaTeX Graphics (DPC,SPQR)
 (/usr/local/texlive/2011/texmf-dist/tex/latex/graphics/graphics.sty
Package: graphics 2009/02/05 v1.0o Standard LaTeX Graphics (DPC,SPQR)
 (/usr/local/texlive/2011/texmf-dist/tex/latex/graphics/trig.sty
Package: trig 1999/03/16 v1.09 sin cos tan (DPC)
) (/usr/local/texlive/2011/texmf-dist/tex/latex/latexconfig/graphics.cfg
File: graphics.cfg 2010/04/23 v1.9 graphics configuration of TeX Live
)
Package graphics Info: Driver file: pdftex.def on input line 91.
 (/usr/local/texlive/2011/texmf-dist/tex/latex/pdftex-def/pdftex.def
File: pdftex.def 2011/05/27 v0.06d Graphics/color for pdfTeX
\Gread@gobject=\count112
))
\Gin@req@height=\dimen118
\Gin@req@width=\dimen119
) (/usr/local/texlive/2011/texmf-dist/tex/latex/xcolor/xcolor.sty
Package: xcolor 2007/01/21 v2.11 LaTeX color extensions (UK)
 (/usr/local/texlive/2011/texmf-dist/tex/latex/latexconfig/color.cfg
File: color.cfg 2007/01/18 v1.5 color configuration of teTeX/TeXLive
)
Package xcolor Info: Driver file: pdftex.def on input line 225.
Package xcolor Info: Model `cmy' substituted by `cmy0' on input line 1337.
Package xcolor Info: Model `hsb' substituted by `rgb' on input line 1341.
Package xcolor Info: Model `RGB' extended on input line 1353.
Package xcolor Info: Model `HTML' substituted by `rgb' on input line 1355.
Package xcolor Info: Model `Hsb' substituted by `hsb' on input line 1356.
Package xcolor Info: Model `tHsb' substituted by `hsb' on input line 1357.
Package xcolor Info: Model `HSB' substituted by `hsb' on input line 1358.
Package xcolor Info: Model `Gray' substituted by `gray' on input line 1359.
Package xcolor Info: Model `wave' substituted by `hsb' on input line 1360.
) (/usr/local/texlive/2011/texmf-dist/tex/latex/geometry/geometry.sty
Package: geometry 2010/09/12 v5.6 Page Geometry
\Gm@cnth=\count113
\Gm@cntv=\count114
\c@Gm@tempcnt=\count115
\Gm@bindingoffset=\dimen120
\Gm@wd@mp=\dimen121
\Gm@odd@mp=\dimen122
\Gm@even@mp=\dimen123
\Gm@layoutwidth=\dimen124
\Gm@layoutheight=\dimen125
\Gm@layouthoffset=\dimen126
\Gm@layoutvoffset=\dimen127
\Gm@dimlist=\toks28
) (/usr/local/texlive/2011/texmf-dist/tex/latex/ncctools/manyfoot.sty
Package: manyfoot 2005/09/11 v1.10 Many Footnote Levels Package (NCC)
 (/usr/local/texlive/2011/texmf-dist/tex/latex/ncctools/nccfoots.sty
Package: nccfoots 2005/02/03 v1.2 NCC Footnotes Package (NCC)
)
\MFL@columnwidth=\dimen128
)
\footinscopyrightpermission=\insert232
\c@footnotecopyrightpermission=\count116


Class acmart Warning: You do not have zi4 package installed. Please upgrade your TeX on input line 533.


Class acmart Warning: You do not have newtxmath package installed. Please upgrade your TeX on input line 536.

(/usr/local/texlive/2011/texmf-dist/tex/latex/base/textcomp.sty
Package: textcomp 2005/09/27 v1.99g Standard LaTeX package
Package textcomp Info: Sub-encoding information:
(textcomp)               5 = only ISO-Adobe without \textcurrency
(textcomp)               4 = 5 + \texteuro
(textcomp)               3 = 4 + \textohm
(textcomp)               2 = 3 + \textestimated + \textcurrency
(textcomp)               1 = TS1 - \textcircled - \t
(textcomp)               0 = TS1 (full)
(textcomp)             Font families with sub-encoding setting implement
(textcomp)             only a restricted character set as indicated.
(textcomp)             Family '?' is the default used for unknown fonts.
(textcomp)             See the documentation for details.
Package textcomp Info: Setting ? sub-encoding to TS1/1 on input line 71.
 (/usr/local/texlive/2011/texmf-dist/tex/latex/base/ts1enc.def
File: ts1enc.def 2001/06/05 v3.0e (jk/car/fm) Standard LaTeX file
)
LaTeX Info: Redefining \oldstylenums on input line 266.
Package textcomp Info: Setting cmr sub-encoding to TS1/0 on input line 281.
Package textcomp Info: Setting cmss sub-encoding to TS1/0 on input line 282.
Package textcomp Info: Setting cmtt sub-encoding to TS1/0 on input line 283.
Package textcomp Info: Setting cmvtt sub-encoding to TS1/0 on input line 284.
Package textcomp Info: Setting cmbr sub-encoding to TS1/0 on input line 285.
Package textcomp Info: Setting cmtl sub-encoding to TS1/0 on input line 286.
Package textcomp Info: Setting ccr sub-encoding to TS1/0 on input line 287.
Package textcomp Info: Setting ptm sub-encoding to TS1/4 on input line 288.
Package textcomp Info: Setting pcr sub-encoding to TS1/4 on input line 289.
Package textcomp Info: Setting phv sub-encoding to TS1/4 on input line 290.
Package textcomp Info: Setting ppl sub-encoding to TS1/3 on input line 291.
Package textcomp Info: Setting pag sub-encoding to TS1/4 on input line 292.
Package textcomp Info: Setting pbk sub-encoding to TS1/4 on input line 293.
Package textcomp Info: Setting pnc sub-encoding to TS1/4 on input line 294.
Package textcomp Info: Setting pzc sub-encoding to TS1/4 on input line 295.
Package textcomp Info: Setting bch sub-encoding to TS1/4 on input line 296.
Package textcomp Info: Setting put sub-encoding to TS1/5 on input line 297.
Package textcomp Info: Setting uag sub-encoding to TS1/5 on input line 298.
Package textcomp Info: Setting ugq sub-encoding to TS1/5 on input line 299.
Package textcomp Info: Setting ul8 sub-encoding to TS1/4 on input line 300.
Package textcomp Info: Setting ul9 sub-encoding to TS1/4 on input line 301.
Package textcomp Info: Setting augie sub-encoding to TS1/5 on input line 302.
Package textcomp Info: Setting dayrom sub-encoding to TS1/3 on input line 303.
Package textcomp Info: Setting dayroms sub-encoding to TS1/3 on input line 304.
Package textcomp Info: Setting pxr sub-encoding to TS1/0 on input line 305.
Package textcomp Info: Setting pxss sub-encoding to TS1/0 on input line 306.
Package textcomp Info: Setting pxtt sub-encoding to TS1/0 on input line 307.
Package textcomp Info: Setting txr sub-encoding to TS1/0 on input line 308.
Package textcomp Info: Setting txss sub-encoding to TS1/0 on input line 309.
Package textcomp Info: Setting txtt sub-encoding to TS1/0 on input line 310.
Package textcomp Info: Setting futs sub-encoding to TS1/4 on input line 311.
Package textcomp Info: Setting futx sub-encoding to TS1/4 on input line 312.
Package textcomp Info: Setting futj sub-encoding to TS1/4 on input line 313.
Package textcomp Info: Setting hlh sub-encoding to TS1/3 on input line 314.
Package textcomp Info: Setting hls sub-encoding to TS1/3 on input line 315.
Package textcomp Info: Setting hlst sub-encoding to TS1/3 on input line 316.
Package textcomp Info: Setting hlct sub-encoding to TS1/5 on input line 317.
Package textcomp Info: Setting hlx sub-encoding to TS1/5 on input line 318.
Package textcomp Info: Setting hlce sub-encoding to TS1/5 on input line 319.
Package textcomp Info: Setting hlcn sub-encoding to TS1/5 on input line 320.
Package textcomp Info: Setting hlcw sub-encoding to TS1/5 on input line 321.
Package textcomp Info: Setting hlcf sub-encoding to TS1/5 on input line 322.
Package textcomp Info: Setting pplx sub-encoding to TS1/3 on input line 323.
Package textcomp Info: Setting pplj sub-encoding to TS1/3 on input line 324.
Package textcomp Info: Setting ptmx sub-encoding to TS1/4 on input line 325.
Package textcomp Info: Setting ptmj sub-encoding to TS1/4 on input line 326.
) (/usr/local/texlive/2011/texmf-dist/tex/latex/caption/caption.sty
Package: caption 2010/01/09 v3.1m Customizing captions (AR)
 (/usr/local/texlive/2011/texmf-dist/tex/latex/caption/caption3.sty
Package: caption3 2010/01/14 v3.1m caption3 kernel (AR)
\captionmargin=\dimen129
\captionmargin@=\dimen130
\captionwidth=\dimen131
\caption@indent=\dimen132
\caption@parindent=\dimen133
\caption@hangindent=\dimen134
)
Package caption Info: AMS or SMF document class.
\c@ContinuedFloat=\count117
Package caption Info: hyperref package is loaded.
) (/usr/local/texlive/2011/texmf-dist/tex/latex/float/float.sty
Package: float 2001/11/08 v1.3d Float enhancements (AL)
\c@float@type=\count118
\float@exts=\toks29
\float@box=\box29
\@float@everytoks=\toks30
\@floatcapt=\box30
)
\@float@every@sidebar=\toks31
\c@sidebar=\count119
\fulltextwidth=\dimen135
\num@authorgroups=\count120
\@ACM@badge@width=\skip55
\@ACM@title@width=\skip56
\@ACM@badge@skip=\skip57
Class acmart Info: Printing CSS on input line 1042.
Class acmart Info: Printing bibformat on input line 1042.
Class acmart Info: Suppressing folios on input line 1049.
 (/usr/local/texlive/2011/texmf-dist/tex/latex/comment/comment.sty
\CommentStream=\write3
 Excluding comment 'comment') Excluding comment 'CCSXML'
\mktitle@bx=\box31
\@ACM@commabox=\box32
\author@bx=\box33
\author@bx@wd=\dimen136
\author@bx@sep=\skip58
 (/usr/local/texlive/2011/texmf-dist/tex/latex/fancyhdr/fancyhdr.sty
\fancy@headwidth=\skip59
\f@ncyO@elh=\skip60
\f@ncyO@erh=\skip61
\f@ncyO@olh=\skip62
\f@ncyO@orh=\skip63
\f@ncyO@elf=\skip64
\f@ncyO@erf=\skip65
\f@ncyO@olf=\skip66
\f@ncyO@orf=\skip67
)
\@folio@wd=\dimen137
\@folio@ht=\dimen138
\@folio@voffset=\dimen139
\c@theorem=\count121
 Special comment 'acks' Excluding comment 'screenonly' Include comment 'printonly' Include comment 'anonsuppress') (/usr/local/texlive/2011/texmf-dist/tex/generic/babel/babel.sty
Package: babel 2008/07/06 v3.8l The Babel package
 (/usr/local/texlive/2011/texmf-dist/tex/generic/babel/english.ldf
Language: english 2005/03/30 v3.3o English support from the babel system
 (/usr/local/texlive/2011/texmf-dist/tex/generic/babel/babel.def
File: babel.def 2008/07/06 v3.8l Babel common definitions
\babel@savecnt=\count122
\U@D=\dimen140
)
\l@canadian = a dialect from \language\l@american 
\l@australian = a dialect from \language\l@british 
\l@newzealand = a dialect from \language\l@british 
)) (/usr/local/texlive/2011/texmf-dist/tex/latex/base/inputenc.sty
Package: inputenc 2008/03/30 v1.1d Input encoding file
\inpenc@prehook=\toks32
\inpenc@posthook=\toks33
 (/usr/local/texlive/2011/texmf-dist/tex/latex/ucs/utf8x.def
File: utf8x.def 2004/10/17 UCS: Input encoding UTF-8
)) (/usr/local/texlive/2011/texmf-dist/tex/latex/ucs/ucs.sty
Package: ucs 2004/10/17 UCS: Unicode input support
 (/usr/local/texlive/2011/texmf-dist/tex/latex/ucs/data/uni-global.def
File: uni-global.def 2004/10/17 UCS: Unicode global data
)
\uc@secondtry=\count123
\uc@combtoks=\toks34
\uc@combtoksb=\toks35
\uc@temptokena=\toks36
) (/usr/local/texlive/2011/texmf-dist/tex/latex/base/fontenc.sty
Package: fontenc 2005/09/27 v1.99g Standard LaTeX package
 (/usr/local/texlive/2011/texmf-dist/tex/latex/base/t1enc.def
File: t1enc.def 2005/09/27 v1.99g Standard LaTeX file
LaTeX Font Info:    Redeclaring font encoding T1 on input line 43.
)) (/usr/local/texlive/2011/texmf-dist/tex/latex/csquotes/csquotes.sty
Package: csquotes 2011/03/25 v5.1c context-sensitive quotations
 (/usr/local/texlive/2011/texmf-dist/tex/latex/etoolbox/etoolbox.sty
Package: etoolbox 2011/01/03 v2.1 e-TeX tools for LaTeX
 (/usr/local/texlive/2011/texmf-dist/tex/latex/etex-pkg/etex.sty
Package: etex 1998/03/26 v2.0 eTeX basic definition package (PEB)
\et@xins=\count124
)
\etb@tempcnta=\count125
)
\csq@reset=\count126
\csq@gtype=\count127
\csq@glevel=\count128
\csq@qlevel=\count129
\csq@maxlvl=\count130
\csq@tshold=\count131
\csq@ltx@everypar=\toks37
 (/usr/local/texlive/2011/texmf-dist/tex/latex/csquotes/csquotes.def
File: csquotes.def 2011/03/25 v5.1c csquotes generic definitions
)
Package csquotes Info: Trying to load configuration file 'csquotes.cfg'...
Package csquotes Info: ... configuration file loaded successfully.
 (/usr/local/texlive/2011/texmf-dist/tex/latex/csquotes/csquotes.cfg
File: csquotes.cfg 
)) (/usr/local/texlive/2011/texmf-dist/tex/latex/tools/verbatim.sty
Package: verbatim 2003/08/22 v1.5q LaTeX2e package for verbatim enhancements
\every@verbatim=\toks38
\verbatim@line=\toks39
\verbatim@in@stream=\read1
) (/usr/local/texlive/2011/texmf-dist/tex/latex/siunitx/siunitx.sty (/usr/local/texlive/2011/texmf-dist/tex/latex/expl3/expl3.sty (/usr/local/texlive/2011/texmf-dist/tex/latex/expl3/l3names.sty
Package: l3names 2011/01/08 v2122 L3 Experimental Naming Scheme for TeX Primitives
)
Package: expl3 2011/04/09 v2222 L3 Experimental code bundle wrapper
 (/usr/local/texlive/2011/texmf-dist/tex/latex/expl3/l3basics.sty
Package: l3basics 2011/04/23 v2246 L3 Experimental basic definitions
) (/usr/local/texlive/2011/texmf-dist/tex/latex/expl3/l3expan.sty
Package: l3expan 2011/04/09 v2223 L3 Experimental Argument Expansion module
) (/usr/local/texlive/2011/texmf-dist/tex/latex/expl3/l3tl.sty
Package: l3tl 2011/04/09 v2223 L3 Experimental Token Lists
) (/usr/local/texlive/2011/texmf-dist/tex/latex/expl3/l3int.sty
Package: l3int 2011/04/11 v2229 L3 Experimental Integer module
\l_tmpa_int=\count132
\l_tmpb_int=\count133
\l_tmpc_int=\count134
\g_tmpa_int=\count135
\g_tmpb_int=\count136
\c_max_int=\count137
\g_tl_inline_level_int=\count138
\g_prg_inline_level_int=\count139
) (/usr/local/texlive/2011/texmf-dist/tex/latex/expl3/l3quark.sty
Package: l3quark 2011/04/14 v2234 L3 Experimental Quark Commands
) (/usr/local/texlive/2011/texmf-dist/tex/latex/expl3/l3seq.sty
Package: l3seq 2011/04/21 v2245 The LaTeX3 kernel: sequences and stacks
\g_seq_nesting_depth_int=\count140
) (/usr/local/texlive/2011/texmf-dist/tex/latex/expl3/l3toks.sty
Package: l3toks 2011/04/09 v2223 L3 Experimental Token Registers
\l_tmpb_toks=\toks40
\l_tmpc_toks=\toks41
\g_tmpa_toks=\toks42
\g_tmpb_toks=\toks43
\g_tmpc_toks=\toks44
\c_empty_toks=\toks45
\l_tl_replace_toks=\toks46
) (/usr/local/texlive/2011/texmf-dist/tex/latex/expl3/l3prg.sty
Package: l3prg 2011/04/09 v2223 L3 Experimental control structures
) (/usr/local/texlive/2011/texmf-dist/tex/latex/expl3/l3clist.sty
Package: l3clist 2011/04/09 v2223 L3 Experimental comma separated lists
\g_clist_map_inline_int=\count141
) (/usr/local/texlive/2011/texmf-dist/tex/latex/expl3/l3token.sty
Package: l3token 2011/04/09 v2223 L3 Experimental token investigation and manipulation
) (/usr/local/texlive/2011/texmf-dist/tex/latex/expl3/l3prop.sty
Package: l3prop 2011/04/09 v2223 L3 Experimental Property Lists
\g_prop_inline_level_int=\count142
) (/usr/local/texlive/2011/texmf-dist/tex/latex/expl3/l3msg.sty
Package: l3msg 2010/10/02 v2052 L3 Experimental LaTeX Messages module
\l_msg_redirect_classes_prop=\toks47
\l_msg_redirect_names_prop=\toks48
\l_msg_redirect_fatal_prop=\toks49
\l_msg_redirect_error_prop=\toks50
\l_msg_redirect_warning_prop=\toks51
\l_msg_redirect_info_prop=\toks52
\l_msg_redirect_log_prop=\toks53
\l_msg_redirect_trace_prop=\toks54
\l_msg_redirect_none_prop=\toks55
) (/usr/local/texlive/2011/texmf-dist/tex/latex/expl3/l3io.sty
Package: l3io 2010/10/03 v2063 L3 Experimental i/o module
\g_iow_streams_prop=\toks56
\g_ior_streams_prop=\toks57
\l_iow_stream_int=\count143
) (/usr/local/texlive/2011/texmf-dist/tex/latex/expl3/l3skip.sty
Package: l3skip 2011/02/15 v2149 L3 Experimental skip registers
\l_tmpa_skip=\skip68
\l_tmpb_skip=\skip69
\l_tmpc_skip=\skip70
\g_tmpa_skip=\skip71
\g_tmpb_skip=\skip72
\l_tmpa_dim=\dimen141
\l_tmpb_dim=\dimen142
\l_tmpc_dim=\dimen143
\l_tmpd_dim=\dimen144
\g_tmpa_dim=\dimen145
\g_tmpb_dim=\dimen146
) (/usr/local/texlive/2011/texmf-dist/tex/latex/expl3/l3box.sty
Package: l3box 2011/04/09 v2223 L3 Experimental Box module
\l_tmpb_box=\box34
) (/usr/local/texlive/2011/texmf-dist/tex/latex/expl3/l3keyval.sty
Package: l3keyval 2011/04/09 v2223 L3 Experimental keyval processing
\l_KV_level_int=\count144
) (/usr/local/texlive/2011/texmf-dist/tex/latex/expl3/l3keys.sty
Package: l3keys 2010/11/11 v2082 L3 Experimental key-value support
\l_keys_choice_int=\count145
) (/usr/local/texlive/2011/texmf-dist/tex/latex/expl3/l3precom.sty
Package: l3precom 2011/04/09 v2223 L3 Experimental precompilation module
\g_gen_sym_int=\count146
\g_ggen_sym_int=\count147
) (/usr/local/texlive/2011/texmf-dist/tex/latex/expl3/l3xref.sty
Package: l3xref 2011/04/09 v2223 L3 Experimental cross referencing
\g_xref_all_curr_immediate_fields_prop=\toks58
\g_xref_all_curr_deferred_fields_prop=\toks59
) (/usr/local/texlive/2011/texmf-dist/tex/latex/expl3/l3file.sty
Package: l3file 2011/04/21 v2242 The LaTeX3 kernel: file operations
) (/usr/local/texlive/2011/texmf-dist/tex/latex/expl3/l3fp.sty
Package: l3fp 2011/03/19 v2201 L3 Experimental floating-point operations
\c_one_million=\count148
\c_one_hundred_million=\count149
\c_five_hundred_million=\count150
\c_one_thousand_million=\count151
\c_fp_pi_by_four_decimal_int=\count152
\c_fp_pi_by_four_extended_int=\count153
\c_fp_pi_decimal_int=\count154
\c_fp_pi_extended_int=\count155
\c_fp_two_pi_decimal_int=\count156
\c_fp_two_pi_extended_int=\count157
\l_fp_count_int=\count158
\l_fp_div_offset_int=\count159
\l_fp_exp_integer_int=\count160
\l_fp_exp_decimal_int=\count161
\l_fp_exp_extended_int=\count162
\l_fp_exp_exponent_int=\count163
\l_fp_input_a_sign_int=\count164
\l_fp_input_a_integer_int=\count165
\l_fp_input_a_decimal_int=\count166
\l_fp_input_a_exponent_int=\count167
\l_fp_input_b_sign_int=\count168
\l_fp_input_b_integer_int=\count169
\l_fp_input_b_decimal_int=\count170
\l_fp_input_b_exponent_int=\count171
\l_fp_input_a_extended_int=\count172
\l_fp_input_b_extended_int=\count173
\l_fp_mul_a_i_int=\count174
\l_fp_mul_a_ii_int=\count175
\l_fp_mul_a_iii_int=\count176
\l_fp_mul_a_iv_int=\count177
\l_fp_mul_a_v_int=\count178
\l_fp_mul_a_vi_int=\count179
\l_fp_mul_b_i_int=\count180
\l_fp_mul_b_ii_int=\count181
\l_fp_mul_b_iii_int=\count182
\l_fp_mul_b_iv_int=\count183
\l_fp_mul_b_v_int=\count184
\l_fp_mul_b_vi_int=\count185
\l_fp_mul_output_int=\count186
\l_fp_output_sign_int=\count187
\l_fp_output_integer_int=\count188
\l_fp_output_decimal_int=\count189
\l_fp_output_exponent_int=\count190
\l_fp_output_extended_int=\count191
\l_fp_round_position_int=\count192
\l_fp_round_target_int=\count193
\l_fp_split_sign_int=\count194
\l_fp_tmp_int=\count195
\l_fp_trig_octant_int=\count196
\l_fp_trig_sign_int=\count197
\l_fp_trig_decimal_int=\count198
\l_fp_trig_extended_int=\count199
\l_fp_tmp_dim=\dimen147
\l_fp_tmp_skip=\skip73
) (/usr/local/texlive/2011/texmf-dist/tex/latex/expl3/l3luatex.sty
Package: l3luatex 2010/07/18 v1985 L3 Experimental LuaTeX functions
Normal \count register pool exhausted, switching to extended pool.
\g_cctab_allocate_int=\count277
\g_cctab_stack_int=\count278
) (/usr/local/texlive/2011/texmf-dist/tex/latex/tools/calc.sty
Package: calc 2007/08/22 v4.3 Infix arithmetic (KKT,FJ)
\calc@Acount=\count279
\calc@Bcount=\count280
\calc@Adimen=\dimen148
\calc@Bdimen=\dimen149
\calc@Askip=\skip74
\calc@Bskip=\skip75
LaTeX Info: Redefining \setlength on input line 76.
LaTeX Info: Redefining \addtolength on input line 77.
\calc@Ccount=\count281
\calc@Cskip=\skip76
))
Package: siunitx 2011/06/15 v2.2i A comprehensive (SI) units package
 (/usr/local/texlive/2011/texmf-dist/tex/latex/xpackages/xbase/xparse.sty
Package: xparse 2011/04/08 v2219 Generic document command parser
\c_xparse_shorthands_prop=\toks60
\l_xparse_m_args_int=\count282
\l_xparse_mandatory_args_int=\count283
\l_xparse_processor_int=\count284
\l_xparse_total_args_int=\count285
) (/usr/local/texlive/2011/texmf-dist/tex/latex/tools/array.sty
Package: array 2008/09/09 v2.4c Tabular extension package (FMi)
\col@sep=\dimen150
\extrarowheight=\dimen151
\NC@list=\toks61
\extratabsurround=\skip77
\backup@length=\skip78
) (/usr/local/texlive/2011/texmf-dist/tex/latex/xpackages/xtras/l3keys2e.sty
Package: l3keys2e 2011/05/06 v2320 Parsing LaTeX3 keyvals as LaTeX2e package options
)
\l_siunitx_tmp_box=\box35
\l_siunitx_tmp_int=\count286
\l_siunitx_number_in_prop=\toks62
\l_siunitx_number_mantissa_length_int=\count287
\l_siunitx_number_uncert_length_int=\count288
\l_siunitx_round_int=\count289
\l_siunitx_process_decimal_int=\count290
\l_siunitx_process_uncertainty_int=\count291
\l_siunitx_process_fixed_int=\count292
\l_siunitx_process_integer_min_int=\count293
\l_siunitx_process_precision_int=\count294
\l_siunitx_number_out_prop=\toks63
\l_siunitx_angle_marker_box=\box36
\l_siunitx_angle_unit_box=\box37
\l_siunitx_angle_marker_dim=\dimen152
\l_siunitx_angle_unit_dim=\dimen153
\l_siunitx_angle_degree_prop=\toks64
\l_siunitx_angle_minute_prop=\toks65
\l_siunitx_angle_second_prop=\toks66
\l_siunitx_unit_int=\count295
\l_siunitx_unit_prop=\toks67
\l_siunitx_unit_denominator_int=\count296
\l_siunitx_unit_numerator_int=\count297
\l_siunitx_unit_prefix_int=\count298
\l_siunitx_unit_prefix_base_int=\count299
\l_siunitx_unit_prefix_gram_int=\count300
\l_siunitx_number_product_int=\count301
\c_siunitx_one_fill_skip=\skip79
\l_siunitx_table_unit_align_skip=\skip80
\l_siunitx_table_fill_box=\box38
\l_siunitx_table_fill_dim=\dimen154
\l_siunitx_table_pre_box=\box39
\l_siunitx_table_post_box=\box40
\l_siunitx_table_result_box=\box41
\l_siunitx_table_comparator_dim=\dimen155
\l_siunitx_table_decimal_dim=\dimen156
\l_siunitx_table_exponent_dim=\dimen157
\l_siunitx_table_integer_dim=\dimen158
\l_siunitx_table_mantissa_dim=\dimen159
\l_siunitx_table_marker_dim=\dimen160
\l_siunitx_table_result_dim=\dimen161
\l_siunitx_table_uncert_dim=\dimen162
\l_siunitx_table_gap_dim=\dimen163
\l_siunitx_table_model_prop=\toks68
\l_siunitx_table_space_dim=\dimen164
\l_siunitx_table_number_align_skip=\skip81
\l_siunitx_table_text_align_skip=\skip82
\l_siunitx_table_decimal_int=\count302
\l_siunitx_table_exponent_int=\count303
\l_siunitx_table_integer_int=\count304
\l_siunitx_table_uncert_int=\count305
 LaTeX info: Defining document command \DeclareBinaryPrefix
(LaTeX)  with arg. spec. 'mmm' on line 6794.

 LaTeX info: Defining document command \DeclareSIPostPower
(LaTeX)  with arg. spec. 'mm' on line 6797.

 LaTeX info: Defining document command \DeclareSIPrefix
(LaTeX)  with arg. spec. 'mmm' on line 6800.

 LaTeX info: Defining document command \DeclareSIPrePower
(LaTeX)  with arg. spec. 'mm' on line 6803.

 LaTeX info: Defining document command \DeclareSIQualifier
(LaTeX)  with arg. spec. 'mm' on line 6806.

 LaTeX info: Defining document command \DeclareSIUnit
(LaTeX)  with arg. spec. 'O{}mm' on line 6809.

 LaTeX info: Defining document command \DeclareSIUnitWithOptions
(LaTeX)  with arg. spec. 'mmm' on line 6812.

 LaTeX info: Defining document command \ang
(LaTeX)  with arg. spec. 'o>{\SplitArgument {2}{;}}m' on line 6827.

 LaTeX info: Defining document command \num
(LaTeX)  with arg. spec. 'om' on line 6834.

 LaTeX info: Defining document command \numlist
(LaTeX)  with arg. spec. 'o>{\SplitList {;}}m' on line 6841.

 LaTeX info: Defining document command \numrange
(LaTeX)  with arg. spec. 'omm' on line 6848.

 LaTeX info: Defining document command \SIlist
(LaTeX)  with arg. spec. 'o>{\SplitList {;}}mm' on line 6858.

 LaTeX info: Defining document command \SIrange
(LaTeX)  with arg. spec. 'ommm' on line 6868.

 LaTeX info: Defining document command \SI
(LaTeX)  with arg. spec. 'omom' on line 6878.

 LaTeX info: Defining document command \sisetup
(LaTeX)  with arg. spec. 'm' on line 6881.

 LaTeX info: Defining document command \tablenum
(LaTeX)  with arg. spec. 'om' on line 6892.

 LaTeX info: Defining document command \si
(LaTeX)  with arg. spec. 'om' on line 6902.

 LaTeX info: Defining document command \siunitx_bookmark_num:w
(LaTeX)  with arg. spec. 'om' on line 6939.

 LaTeX info: Defining document command \siunitx_bookmark_numrange:w
(LaTeX)  with arg. spec. 'omm' on line 6941.

 LaTeX info: Defining document command \siunitx_bookmark_SI:w
(LaTeX)  with arg. spec. 'omom' on line 6943.

 LaTeX info: Defining document command \siunitx_bookmark_SIlist:w
(LaTeX)  with arg. spec. 'omm' on line 6945.

 LaTeX info: Defining document command \siunitx_bookmark_SIrange:w
(LaTeX)  with arg. spec. 'ommm' on line 6947.

 LaTeX info: Defining document command \siunitx_bookmark_si:w
(LaTeX)  with arg. spec. 'om' on line 6948.

\g_ior_tmp_stream=\read2
 (/usr/local/texlive/2011/texmf-dist/tex/latex/beamer/translator/translator.sty
Package: translator 2010/06/12 ver 1.10
 (/usr/local/texlive/2011/texmf-dist/tex/latex/beamer/translator/translator-language-mappings.tex))

!!!!!!!!!!!!!!!!!!!!!!!!!!!!!!!!!!!!!!!!!!!!!!!!
/usr/local/texlive/2011/texmf-dist/tex/latex/siunitx/siunitx.sty:7203: 
! siunitx error: "unknown-option"
! 
! Unknown option 'binary-units'.
! 
! See the siunitx documentation for further information.
! For immediate help type H <return>.
!...............................................  
                                                  
l.7203 \ProcessKeysOptions { siunitx }
                                      
|'''''''''''''''''''''''''''''''''''''''''''''''
| The option file 'binary-units' is not known by siunitx:
| perhaps it is spelled incorrectly.
|...............................................


) (/usr/local/texlive/2011/texmf-dist/tex/generic/genmisc/nth.sty
Package: nth 2002/02/27
) (/usr/local/texlive/2011/texmf-dist/tex/latex/amsfonts/amssymb.sty
Package: amssymb 2009/06/22 v3.00
) (/usr/local/texlive/2011/texmf-dist/tex/latex/booktabs/booktabs.sty
Package: booktabs 2005/04/14 v1.61803 publication quality tables
\heavyrulewidth=\dimen165
\lightrulewidth=\dimen166
\cmidrulewidth=\dimen167
\belowrulesep=\dimen168
\belowbottomsep=\dimen169
\aboverulesep=\dimen170
\abovetopsep=\dimen171
\cmidrulesep=\dimen172
\cmidrulekern=\dimen173
\defaultaddspace=\dimen174
\@cmidla=\count306
\@cmidlb=\count307
\@aboverulesep=\dimen175
\@belowrulesep=\dimen176
\@thisruleclass=\count308
\@lastruleclass=\count309
\@thisrulewidth=\dimen177
) (/usr/local/texlive/2011/texmf-dist/tex/latex/multirow/multirow.sty
\bigstrutjot=\dimen178
) (/usr/local/texlive/2011/texmf-dist/tex/latex/paralist/paralist.sty
Package: paralist 2002/03/18 v2.3b Extended list environments (BS)
\pltopsep=\skip83
\plpartopsep=\skip84
\plitemsep=\skip85
\plparsep=\skip86
\pl@lab=\toks69
) (/usr/local/texlive/2011/texmf-dist/tex/latex/enumitem/enumitem.sty
Package: enumitem 2009/05/18 v2.2 Customized lists
\enit@toks=\toks70
\labelindent=\skip87
\enit@outerparindent=\dimen179
\enitdp@desc=\count310
) (/usr/local/texlive/2011/texmf-dist/tex/latex/pgf/frontendlayer/tikz.sty (/usr/local/texlive/2011/texmf-dist/tex/latex/pgf/basiclayer/pgf.sty (/usr/local/texlive/2011/texmf-dist/tex/latex/pgf/utilities/pgfrcs.sty (/usr/local/texlive/2011/texmf-dist/tex/generic/pgf/utilities/pgfutil-common.tex
\pgfutil@everybye=\toks71
) (/usr/local/texlive/2011/texmf-dist/tex/generic/pgf/utilities/pgfutil-latex.def
\pgfutil@abb=\box42
) (/usr/local/texlive/2011/texmf-dist/tex/generic/pgf/utilities/pgfrcs.code.tex
Package: pgfrcs 2010/10/25 v2.10 (rcs-revision 1.24)
))
Package: pgf 2008/01/15 v2.10 (rcs-revision 1.12)
 (/usr/local/texlive/2011/texmf-dist/tex/latex/pgf/basiclayer/pgfcore.sty (/usr/local/texlive/2011/texmf-dist/tex/latex/pgf/systemlayer/pgfsys.sty (/usr/local/texlive/2011/texmf-dist/tex/generic/pgf/systemlayer/pgfsys.code.tex
Package: pgfsys 2010/06/30 v2.10 (rcs-revision 1.37)
 (/usr/local/texlive/2011/texmf-dist/tex/generic/pgf/utilities/pgfkeys.code.tex
\pgfkeys@pathtoks=\toks72
\pgfkeys@temptoks=\toks73
 (/usr/local/texlive/2011/texmf-dist/tex/generic/pgf/utilities/pgfkeysfiltered.code.tex
\pgfkeys@tmptoks=\toks74
))
\pgf@x=\dimen180
\pgf@y=\dimen181
\pgf@xa=\dimen182
\pgf@ya=\dimen183
\pgf@xb=\dimen184
\pgf@yb=\dimen185
\pgf@xc=\dimen186
\pgf@yc=\dimen187
\w@pgf@writea=\write4
\r@pgf@reada=\read3
\c@pgf@counta=\count311
\c@pgf@countb=\count312
\c@pgf@countc=\count313
\c@pgf@countd=\count314
 (/usr/local/texlive/2011/texmf-dist/tex/generic/pgf/systemlayer/pgf.cfg
File: pgf.cfg 2008/05/14  (rcs-revision 1.7)
)
Package pgfsys Info: Driver file for pgf: pgfsys-pdftex.def on input line 900.
 (/usr/local/texlive/2011/texmf-dist/tex/generic/pgf/systemlayer/pgfsys-pdftex.def
File: pgfsys-pdftex.def 2009/05/22  (rcs-revision 1.26)
 (/usr/local/texlive/2011/texmf-dist/tex/generic/pgf/systemlayer/pgfsys-common-pdf.def
File: pgfsys-common-pdf.def 2008/05/19  (rcs-revision 1.10)
))) (/usr/local/texlive/2011/texmf-dist/tex/generic/pgf/systemlayer/pgfsyssoftpath.code.tex
File: pgfsyssoftpath.code.tex 2008/07/18  (rcs-revision 1.7)
\pgfsyssoftpath@smallbuffer@items=\count315
\pgfsyssoftpath@bigbuffer@items=\count316
) (/usr/local/texlive/2011/texmf-dist/tex/generic/pgf/systemlayer/pgfsysprotocol.code.tex
File: pgfsysprotocol.code.tex 2006/10/16  (rcs-revision 1.4)
)) (/usr/local/texlive/2011/texmf-dist/tex/generic/pgf/basiclayer/pgfcore.code.tex
Package: pgfcore 2010/04/11 v2.10 (rcs-revision 1.7)
 (/usr/local/texlive/2011/texmf-dist/tex/generic/pgf/math/pgfmath.code.tex (/usr/local/texlive/2011/texmf-dist/tex/generic/pgf/math/pgfmathcalc.code.tex (/usr/local/texlive/2011/texmf-dist/tex/generic/pgf/math/pgfmathutil.code.tex) (/usr/local/texlive/2011/texmf-dist/tex/generic/pgf/math/pgfmathparser.code.tex
\pgfmath@dimen=\dimen188
\pgfmath@count=\count317
\pgfmath@box=\box43
\pgfmath@toks=\toks75
\pgfmath@stack@operand=\toks76
\pgfmath@stack@operation=\toks77
) (/usr/local/texlive/2011/texmf-dist/tex/generic/pgf/math/pgfmathfunctions.code.tex (/usr/local/texlive/2011/texmf-dist/tex/generic/pgf/math/pgfmathfunctions.basic.code.tex) (/usr/local/texlive/2011/texmf-dist/tex/generic/pgf/math/pgfmathfunctions.trigonometric.code.tex) (/usr/local/texlive/2011/texmf-dist/tex/generic/pgf/math/pgfmathfunctions.random.code.tex) (/usr/local/texlive/2011/texmf-dist/tex/generic/pgf/math/pgfmathfunctions.comparison.code.tex) (/usr/local/texlive/2011/texmf-dist/tex/generic/pgf/math/pgfmathfunctions.base.code.tex) (/usr/local/texlive/2011/texmf-dist/tex/generic/pgf/math/pgfmathfunctions.round.code.tex) (/usr/local/texlive/2011/texmf-dist/tex/generic/pgf/math/pgfmathfunctions.misc.code.tex))) (/usr/local/texlive/2011/texmf-dist/tex/generic/pgf/math/pgfmathfloat.code.tex
\c@pgfmathroundto@lastzeros=\count318
)) (/usr/local/texlive/2011/texmf-dist/tex/generic/pgf/basiclayer/pgfcorepoints.code.tex
File: pgfcorepoints.code.tex 2010/04/09  (rcs-revision 1.20)
\pgf@picminx=\dimen189
\pgf@picmaxx=\dimen190
\pgf@picminy=\dimen191
\pgf@picmaxy=\dimen192
\pgf@pathminx=\dimen193
\pgf@pathmaxx=\dimen194
\pgf@pathminy=\dimen195
\pgf@pathmaxy=\dimen196
\pgf@xx=\dimen197
\pgf@xy=\dimen198
\pgf@yx=\dimen199
Normal \dimen register pool exhausted, switching to extended pool.
\pgf@yy=\dimen256
\pgf@zx=\dimen257
\pgf@zy=\dimen258
) (/usr/local/texlive/2011/texmf-dist/tex/generic/pgf/basiclayer/pgfcorepathconstruct.code.tex
File: pgfcorepathconstruct.code.tex 2010/08/03  (rcs-revision 1.24)
\pgf@path@lastx=\dimen259
\pgf@path@lasty=\dimen260
) (/usr/local/texlive/2011/texmf-dist/tex/generic/pgf/basiclayer/pgfcorepathusage.code.tex
File: pgfcorepathusage.code.tex 2008/04/22  (rcs-revision 1.12)
\pgf@shorten@end@additional=\dimen261
\pgf@shorten@start@additional=\dimen262
) (/usr/local/texlive/2011/texmf-dist/tex/generic/pgf/basiclayer/pgfcorescopes.code.tex
File: pgfcorescopes.code.tex 2010/09/08  (rcs-revision 1.34)
\pgfpic=\box44
\pgf@hbox=\box45
\pgf@layerbox@main=\box46
\pgf@picture@serial@count=\count319
) (/usr/local/texlive/2011/texmf-dist/tex/generic/pgf/basiclayer/pgfcoregraphicstate.code.tex
File: pgfcoregraphicstate.code.tex 2008/04/22  (rcs-revision 1.9)
\pgflinewidth=\dimen263
) (/usr/local/texlive/2011/texmf-dist/tex/generic/pgf/basiclayer/pgfcoretransformations.code.tex
File: pgfcoretransformations.code.tex 2009/06/10  (rcs-revision 1.11)
\pgf@pt@x=\dimen264
\pgf@pt@y=\dimen265
\pgf@pt@temp=\dimen266
) (/usr/local/texlive/2011/texmf-dist/tex/generic/pgf/basiclayer/pgfcorequick.code.tex
File: pgfcorequick.code.tex 2008/10/09  (rcs-revision 1.3)
) (/usr/local/texlive/2011/texmf-dist/tex/generic/pgf/basiclayer/pgfcoreobjects.code.tex
File: pgfcoreobjects.code.tex 2006/10/11  (rcs-revision 1.2)
) (/usr/local/texlive/2011/texmf-dist/tex/generic/pgf/basiclayer/pgfcorepathprocessing.code.tex
File: pgfcorepathprocessing.code.tex 2008/10/09  (rcs-revision 1.8)
) (/usr/local/texlive/2011/texmf-dist/tex/generic/pgf/basiclayer/pgfcorearrows.code.tex
File: pgfcorearrows.code.tex 2008/04/23  (rcs-revision 1.11)
) (/usr/local/texlive/2011/texmf-dist/tex/generic/pgf/basiclayer/pgfcoreshade.code.tex
File: pgfcoreshade.code.tex 2008/11/23  (rcs-revision 1.13)
\pgf@max=\dimen267
\pgf@sys@shading@range@num=\count320
) (/usr/local/texlive/2011/texmf-dist/tex/generic/pgf/basiclayer/pgfcoreimage.code.tex
File: pgfcoreimage.code.tex 2010/03/25  (rcs-revision 1.16)
 (/usr/local/texlive/2011/texmf-dist/tex/generic/pgf/basiclayer/pgfcoreexternal.code.tex
File: pgfcoreexternal.code.tex 2010/09/01  (rcs-revision 1.17)
\pgfexternal@startupbox=\box47
)) (/usr/local/texlive/2011/texmf-dist/tex/generic/pgf/basiclayer/pgfcorelayers.code.tex
File: pgfcorelayers.code.tex 2010/08/27  (rcs-revision 1.2)
) (/usr/local/texlive/2011/texmf-dist/tex/generic/pgf/basiclayer/pgfcoretransparency.code.tex
File: pgfcoretransparency.code.tex 2008/01/17  (rcs-revision 1.2)
) (/usr/local/texlive/2011/texmf-dist/tex/generic/pgf/basiclayer/pgfcorepatterns.code.tex
File: pgfcorepatterns.code.tex 2009/07/02  (rcs-revision 1.3)
))) (/usr/local/texlive/2011/texmf-dist/tex/generic/pgf/modules/pgfmoduleshapes.code.tex
File: pgfmoduleshapes.code.tex 2010/09/09  (rcs-revision 1.13)
\pgfnodeparttextbox=\box48
) (/usr/local/texlive/2011/texmf-dist/tex/generic/pgf/modules/pgfmoduleplot.code.tex
File: pgfmoduleplot.code.tex 2010/10/22  (rcs-revision 1.8)
) (/usr/local/texlive/2011/texmf-dist/tex/latex/pgf/compatibility/pgfcomp-version-0-65.sty
Package: pgfcomp-version-0-65 2007/07/03 v2.10 (rcs-revision 1.7)
\pgf@nodesepstart=\dimen268
\pgf@nodesepend=\dimen269
) (/usr/local/texlive/2011/texmf-dist/tex/latex/pgf/compatibility/pgfcomp-version-1-18.sty
Package: pgfcomp-version-1-18 2007/07/23 v2.10 (rcs-revision 1.1)
)) (/usr/local/texlive/2011/texmf-dist/tex/latex/pgf/utilities/pgffor.sty (/usr/local/texlive/2011/texmf-dist/tex/latex/pgf/utilities/pgfkeys.sty (/usr/local/texlive/2011/texmf-dist/tex/generic/pgf/utilities/pgfkeys.code.tex)) (/usr/local/texlive/2011/texmf-dist/tex/generic/pgf/utilities/pgffor.code.tex
Package: pgffor 2010/03/23 v2.10 (rcs-revision 1.18)
\pgffor@iter=\dimen270
\pgffor@skip=\dimen271
\pgffor@stack=\toks78
\pgffor@toks=\toks79
)) (/usr/local/texlive/2011/texmf-dist/tex/generic/pgf/frontendlayer/tikz/tikz.code.tex
Package: tikz 2010/10/13 v2.10 (rcs-revision 1.76)
 (/usr/local/texlive/2011/texmf-dist/tex/generic/pgf/libraries/pgflibraryplothandlers.code.tex
File: pgflibraryplothandlers.code.tex 2010/05/31 v2.10 (rcs-revision 1.15)
\pgf@plot@mark@count=\count321
\pgfplotmarksize=\dimen272
)
\tikz@lastx=\dimen273
\tikz@lasty=\dimen274
\tikz@lastxsaved=\dimen275
\tikz@lastysaved=\dimen276
\tikzleveldistance=\dimen277
\tikzsiblingdistance=\dimen278
\tikz@figbox=\box49
\tikz@tempbox=\box50
\tikztreelevel=\count322
\tikznumberofchildren=\count323
\tikznumberofcurrentchild=\count324
\tikz@fig@count=\count325
 (/usr/local/texlive/2011/texmf-dist/tex/generic/pgf/modules/pgfmodulematrix.code.tex
File: pgfmodulematrix.code.tex 2010/08/24  (rcs-revision 1.4)
\pgfmatrixcurrentrow=\count326
\pgfmatrixcurrentcolumn=\count327
\pgf@matrix@numberofcolumns=\count328
)
\tikz@expandcount=\count329
 (/usr/local/texlive/2011/texmf-dist/tex/generic/pgf/frontendlayer/tikz/libraries/tikzlibrarytopaths.code.tex
File: tikzlibrarytopaths.code.tex 2008/06/17 v2.10 (rcs-revision 1.2)
))) (/usr/local/texlive/2011/texmf-dist/tex/latex/tools/xspace.sty
Package: xspace 2006/05/08 v1.12 Space after command names (DPC,MH)
)
 LaTeX info: Defining document command \eg
(LaTeX)  with arg. spec. '' on line 53.

 LaTeX info: Defining document command \ie
(LaTeX)  with arg. spec. '' on line 54.

 LaTeX info: Defining document command \etal
(LaTeX)  with arg. spec. '' on line 55.

 LaTeX info: Defining document command \req
(LaTeX)  with arg. spec. 'm' on line 56.

 LaTeX info: Defining document command \TODO
(LaTeX)  with arg. spec. 'm' on line 57.

 LaTeX info: Defining document command \CHECK
(LaTeX)  with arg. spec. 'm' on line 58.

 LaTeX info: Defining document command \SCIKIT
(LaTeX)  with arg. spec. '' on line 59.

 LaTeX info: Defining document command \REPTREE
(LaTeX)  with arg. spec. '' on line 60.

 LaTeX info: Defining document command \REPTree
(LaTeX)  with arg. spec. '' on line 61.

 (/usr/local/texlive/2011/texmf-dist/tex/latex/oberdiek/hypcap.sty
Package: hypcap 2011/02/16 v1.11 Adjusting anchors of captions (HO)
)
Package csquotes Info: Checking for multilingual support...
Package csquotes Info: ... found 'babel' package.
Package csquotes Info: Adjusting default style.
Package csquotes Info: Redefining alias 'default' -> 'american'.


LaTeX Warning: Unused global option(s):
    [sigconf].

(./TSWLatexianTemp_001321.aux)
\openout1 = `TSWLatexianTemp_001321.aux'.

LaTeX Font Info:    Checking defaults for OML/cmm/m/it on input line 77.
LaTeX Font Info:    ... okay on input line 77.
LaTeX Font Info:    Checking defaults for T1/cmr/m/n on input line 77.
LaTeX Font Info:    ... okay on input line 77.
LaTeX Font Info:    Checking defaults for OT1/cmr/m/n on input line 77.
LaTeX Font Info:    ... okay on input line 77.
LaTeX Font Info:    Checking defaults for OMS/cmsy/m/n on input line 77.
LaTeX Font Info:    ... okay on input line 77.
LaTeX Font Info:    Checking defaults for OMX/cmex/m/n on input line 77.
LaTeX Font Info:    ... okay on input line 77.
LaTeX Font Info:    Checking defaults for U/cmr/m/n on input line 77.
LaTeX Font Info:    ... okay on input line 77.
LaTeX Font Info:    Checking defaults for PD1/pdf/m/n on input line 77.
LaTeX Font Info:    ... okay on input line 77.
LaTeX Font Info:    Checking defaults for TS1/cmr/m/n on input line 77.
LaTeX Font Info:    Try loading font information for TS1+cmr on input line 77.
 (/usr/local/texlive/2011/texmf-dist/tex/latex/base/ts1cmr.fd
File: ts1cmr.fd 1999/05/25 v2.5h Standard LaTeX font definitions
)
LaTeX Font Info:    ... okay on input line 77.
LaTeX Font Info:    Try loading font information for U+msa on input line 77.
 (/usr/local/texlive/2011/texmf-dist/tex/latex/amsfonts/umsa.fd
File: umsa.fd 2009/06/22 v3.00 AMS symbols A
)
LaTeX Font Info:    Try loading font information for U+msb on input line 77.
 (/usr/local/texlive/2011/texmf-dist/tex/latex/amsfonts/umsb.fd
File: umsb.fd 2009/06/22 v3.00 AMS symbols B
)
LaTeX Info: Redefining \microtypecontext on input line 77.
Package microtype Info: Generating PDF output.
Package microtype Info: Character protrusion enabled (level 2).
Package microtype Info: Using default protrusion set `alltext'.
Package microtype Info: Automatic font expansion enabled (level 2),
(microtype)             stretch: 20, shrink: 20, step: 1, non-selected.
Package microtype Info: Using default expansion set `basictext'.
Package microtype Info: No tracking.
Package microtype Info: No adjustment of interword spacing.
Package microtype Info: No adjustment of character kerning.
 (/usr/local/texlive/2011/texmf-dist/tex/latex/microtype/mt-cmr.cfg
File: mt-cmr.cfg 2009/11/09 v2.0 microtype config. file: Computer Modern Roman (RS)
) ABD: EveryShipout initializing macros
\AtBeginShipoutBox=\box51
Package hyperref Info: Link coloring OFF on input line 77.
 (/usr/local/texlive/2011/texmf-dist/tex/latex/hyperref/nameref.sty
Package: nameref 2010/04/30 v2.40 Cross-referencing by name of section
 (/usr/local/texlive/2011/texmf-dist/tex/generic/oberdiek/gettitlestring.sty
Package: gettitlestring 2010/12/03 v1.4 Cleanup title references (HO)
)
\c@section@level=\count330
)
LaTeX Info: Redefining \ref on input line 77.
LaTeX Info: Redefining \pageref on input line 77.
LaTeX Info: Redefining \nameref on input line 77.
 (./TSWLatexianTemp_001321.out) (./TSWLatexianTemp_001321.out)
\@outlinefile=\write5
\openout5 = `TSWLatexianTemp_001321.out'.

 (/usr/local/texlive/2011/texmf-dist/tex/context/base/supp-pdf.mkii
[Loading MPS to PDF converter (version 2006.09.02).]
\scratchcounter=\count331
\scratchdimen=\dimen279
\scratchbox=\box52
\nofMPsegments=\count332
\nofMParguments=\count333
\everyMPshowfont=\toks80
\MPscratchCnt=\count334
\MPscratchDim=\dimen280
\MPnumerator=\count335
\makeMPintoPDFobject=\count336
\everyMPtoPDFconversion=\toks81
) (/usr/local/texlive/2011/texmf-dist/tex/latex/oberdiek/epstopdf-base.sty
Package: epstopdf-base 2010/02/09 v2.5 Base part for package epstopdf
 (/usr/local/texlive/2011/texmf-dist/tex/latex/oberdiek/grfext.sty
Package: grfext 2010/08/19 v1.1 Managing graphics extensions (HO)
)
Package grfext Info: Graphics extension search list:
(grfext)             [.png,.pdf,.jpg,.mps,.jpeg,.jbig2,.jb2,.PNG,.PDF,.JPG,.JPEG,.JBIG2,.JB2,.eps]
(grfext)             \AppendGraphicsExtensions on input line 452.
 (/usr/local/texlive/2011/texmf-dist/tex/latex/latexconfig/epstopdf-sys.cfg
File: epstopdf-sys.cfg 2010/07/13 v1.3 Configuration of (r)epstopdf for TeX Live
))
*geometry* driver: auto-detecting
*geometry* detected driver: pdftex
*geometry* verbose mode - [ preamble ] result:
* driver: pdftex
* paper: custom
* layout: <same size as paper>
* layoutoffset:(h,v)=(0.0pt,0.0pt)
* modes: includehead includefoot twoside 
* h-part:(L,W,R)=(54.0pt, 506.295pt, 54.0pt)
* v-part:(T,H,B)=(57.0pt, 664.96999pt, 73.0pt)
* \paperwidth=614.295pt
* \paperheight=794.96999pt
* \textwidth=506.295pt
* \textheight=626.96999pt
* \oddsidemargin=-18.26999pt
* \evensidemargin=-18.26999pt
* \topmargin=-15.26999pt
* \headheight=12.0pt
* \headsep=14.0pt
* \topskip=10.0pt
* \footskip=12.0pt
* \marginparwidth=90.0pt
* \marginparsep=11.0pt
* \columnsep=24.0pt
* \skip\footins=7.0pt plus 11.0pt
* \hoffset=0.0pt
* \voffset=0.0pt
* \mag=1000
* \@twocolumnfalse
* \@twosidetrue
* \@mparswitchtrue
* \@reversemarginfalse
* (1in=72.27pt=25.4mm, 1cm=28.453pt)

Package caption Info: Begin \AtBeginDocument code.
Package caption Info: float package is loaded.
Package caption Info: hypcap package is loaded.
Package caption Info: End \AtBeginDocument code.
(/usr/local/texlive/2011/texmf-dist/tex/latex/ucs/ucsencs.def
File: ucsencs.def 2003/11/29 Fixes to fontencodings LGR, T3
) (/usr/local/texlive/2011/texmf-dist/tex/latex/beamer/translator/dicts/translator-basic-dictionary/translator-basic-dictionary-English.dict
Dictionary: translator-basic-dictionary, Language: English 
)
\c_siunitx_mathsf_int=\count337
 (/usr/local/texlive/2011/texmf-dist/tex/latex/microtype/mt-msa.cfg
File: mt-msa.cfg 2006/02/04 v1.1 microtype config. file: AMS symbols (a) (RS)
) (/usr/local/texlive/2011/texmf-dist/tex/latex/microtype/mt-msb.cfg
File: mt-msb.cfg 2005/06/01 v1.0 microtype config. file: AMS symbols (b) (RS)
)
\c_siunitx_mathtt_int=\count338
 (./front/copyright.tex) (./front/title.tex) (./front/authors.tex) (./front/abstract.tex) (./front/ccs.tex) (./front/keywords.tex)
LaTeX Font Info:    Try loading font information for T1+cmss on input line 85.
 (/usr/local/texlive/2011/texmf-dist/tex/latex/base/t1cmss.fd
File: t1cmss.fd 1999/05/25 v2.5h Standard LaTeX font definitions
)

Package hyperref Warning: Token not allowed in a PDF string (PDFDocEncoding):
(hyperref)                removing `\unskip' on input line 85.


Package hyperref Warning: Token not allowed in a PDF string (PDFDocEncoding):
(hyperref)                removing `\unskip' on input line 85.


Package hyperref Warning: Token not allowed in a PDF string (PDFDocEncoding):
(hyperref)                removing `\unskip' on input line 85.

(./sections/introduction.tex
Underfull \vbox (badness 10000) has occurred while \output is active []

 [1.1{/usr/local/texlive/2011/texmf-var/fonts/map/pdftex/updmap/pdftex.map}

]) (./sections/related_work.tex

Package natbib Warning: Citation `krawiec2014pattern' on page 2 undefined on input line 9.


Underfull \vbox (badness 10000) has occurred while \output is active []

) (./sections/extensions.tex
Underfull \hbox (badness 10000) in paragraph at lines 12--14

 []


Underfull \hbox (badness 10000) in paragraph at lines 27--27
[][][][]$\T1/cmr/m/n/7 (+20) http : / / scikit-[]learn . org / stable / modules / tree . html #
 []

[2.2]) (./sections/experiments.tex
Overfull \hbox (4.12021pt too wide) in paragraph at lines 17--18
[]\T1/cmr/bx/n/9 Keijzer4\T1/cmr/m/n/9 (-20) : $\OML/cmm/m/it/9 x[]e[] []\OT1/cmr/m/n/9 (-20) (\OML/cmm/m/it/9 x\OT1/cmr/m/n/9 (-20) ) [](\OML/cmm/m/it/9 x\OT1/cmr/m/n/9 (-20) )([][](\OML/cmm/m/it/9 x\OT1/cmr/m/n/9 (-20) ) [](\OML/cmm/m/it/9 x\OT1/cmr/m/n/9 (-20) ) \OMS/cmsy/m/n/9 ^^@ \OT1/cmr/m/n/9 (-20) 1);$ $\OML/cmm/m/it/9 x \OMS/cmsy/m/n/9 2
 []

(./sections/decision_tree_ranks.tex) [3.3] (./sections/decision_tree_fitness.tex
Overfull \hbox (44.07533pt too wide) in paragraph at lines 5--18
 [][] 
 []

) <sections/figures/figure_reptree.png, id=183, 502.9992pt x 393.8715pt>
File: sections/figures/figure_reptree.png Graphic file (type png)
 <use sections/figures/figure_reptree.png>
Package pdftex.def Info: sections/figures/figure_reptree.png used on input line 70.
(pdftex.def)             Requested size: 238.73734pt x 186.94666pt.

Underfull \vbox (badness 2486) has occurred while \output is active []

 (./sections/draws_average_ranks.tex) (./sections/average_fitness_DF.tex
Overfull \hbox (47.44029pt too wide) in paragraph at lines 5--40
 [][] 
 []

) (./sections/ranks_all.tex
Overfull \hbox (39.96295pt too wide) in paragraph at lines 5--41
 [][] 
 []

)) (./sections/conclusions.tex
./sections/conclusions.tex:3: Undefined control sequence.
l.3 ...hms for decision trees: \REPTREE and \SCKIT
                                                  . Neither of the algorithms produced significantly better results across all the 17 benchmarks.  For some benchmarks  there results were significantly different but, again, neither algorithms was consis...
The control sequence at the end of the top line
of your error message was never \def'ed. If you have
misspelled it (e.g., `\hobx'), type `I' and the correct
spelling (e.g., `I\hbox'). Otherwise just continue,
and I'll forget about whatever was undefined.

[4.4 <./sections/figures/figure_reptree.png>]
Underfull \vbox (badness 10000) has occurred while \output is active []


Underfull \vbox (badness 10000) has occurred while \output is active []

 [5.5]

LaTeX Warning: Reference `section:evaluation' on page 6 undefined on input line 17.

) (./TSWLatexianTemp_001321.bbl (/usr/local/texlive/2011/texmf-dist/tex/latex/ucs/data/uni-0.def
File: uni-0.def 2004/10/17 UCS: Unicode data U+0000..U+00FF
)
LaTeX Font Info:    Try loading font information for T1+cmtt on input line 113.
 (/usr/local/texlive/2011/texmf-dist/tex/latex/base/t1cmtt.fd
File: t1cmtt.fd 1999/05/25 v2.5h Standard LaTeX font definitions
))

Package natbib Warning: There were undefined citations.

[6.6]
Package atveryend Info: Empty hook `BeforeClearDocument' on input line 94.
Package atveryend Info: Empty hook `AfterLastShipout' on input line 94.
 (./TSWLatexianTemp_001321.aux)
Package atveryend Info: Executing hook `AtVeryEndDocument' on input line 94.
Package atveryend Info: Executing hook `AtEndAfterFileList' on input line 94.
Package rerunfilecheck Info: File `TSWLatexianTemp_001321.out' has not changed.
(rerunfilecheck)             Checksum: EDB386C9261B81C70D0DA40A840E92E5;822.


LaTeX Warning: There were undefined references.

Package atveryend Info: Empty hook `AtVeryVeryEnd' on input line 94.
 ) 
Here is how much of TeX's memory you used:
 28726 strings out of 493633
 533206 string characters out of 3143378
 686577 words of memory out of 3000000
 30985 multiletter control sequences out of 15000+200000
 35106 words of font info for 184 fonts, out of 3000000 for 9000
 992 hyphenation exceptions out of 8191
 60i,11n,94p,1398b,685s stack positions out of 5000i,500n,10000p,200000b,50000s
{/usr/local/texlive/2011/texmf-dist/fonts/enc/dvips/cm-super/cm-super-t1.enc}{/usr/local/texlive/2011/texmf-dist/fonts/enc/dvips/cm-super/cm-super-ts1.enc}</usr/local/texlive/2011/texmf-dist/fonts/type1/public/amsfonts/cm/cmmi5.pfb></usr/local/texlive/2011/texmf-dist/fonts/type1/public/amsfonts/cm/cmmi6.pfb></usr/local/texlive/2011/texmf-dist/fonts/type1/public/amsfonts/cm/cmmi8.pfb></usr/local/texlive/2011/texmf-dist/fonts/type1/public/amsfonts/cm/cmmi9.pfb></usr/local/texlive/2011/texmf-dist/fonts/type1/public/amsfonts/cm/cmr5.pfb></usr/local/texlive/2011/texmf-dist/fonts/type1/public/amsfonts/cm/cmr6.pfb></usr/local/texlive/2011/texmf-dist/fonts/type1/public/amsfonts/cm/cmr8.pfb></usr/local/texlive/2011/texmf-dist/fonts/type1/public/amsfonts/cm/cmr9.pfb></usr/local/texlive/2011/texmf-dist/fonts/type1/public/amsfonts/cm/cmsy6.pfb></usr/local/texlive/2011/texmf-dist/fonts/type1/public/amsfonts/cm/cmsy9.pfb></usr/local/texlive/2011/texmf-dist/fonts/type1/public/cm-super/sfbx0500.pfb></usr/local/texlive/2011/texmf-dist/fonts/type1/public/cm-super/sfbx0800.pfb></usr/local/texlive/2011/texmf-dist/fonts/type1/public/cm-super/sfbx0900.pfb></usr/local/texlive/2011/texmf-dist/fonts/type1/public/cm-super/sfbx1095.pfb></usr/local/texlive/2011/texmf-dist/fonts/type1/public/cm-super/sfrm0500.pfb></usr/local/texlive/2011/texmf-dist/fonts/type1/public/cm-super/sfrm0600.pfb></usr/local/texlive/2011/texmf-dist/fonts/type1/public/cm-super/sfrm0700.pfb></usr/local/texlive/2011/texmf-dist/fonts/type1/public/cm-super/sfrm0800.pfb></usr/local/texlive/2011/texmf-dist/fonts/type1/public/cm-super/sfrm0900.pfb></usr/local/texlive/2011/texmf-dist/fonts/type1/public/cm-super/sfrm1000.pfb></usr/local/texlive/2011/texmf-dist/fonts/type1/public/cm-super/sfrm1200.pfb></usr/local/texlive/2011/texmf-dist/fonts/type1/public/cm-super/sfss0900.pfb></usr/local/texlive/2011/texmf-dist/fonts/type1/public/cm-super/sfsx1728.pfb></usr/local/texlive/2011/texmf-dist/fonts/type1/public/cm-super/sfti0700.pfb></usr/local/texlive/2011/texmf-dist/fonts/type1/public/cm-super/sfti0800.pfb></usr/local/texlive/2011/texmf-dist/fonts/type1/public/cm-super/sfti0900.pfb></usr/local/texlive/2011/texmf-dist/fonts/type1/public/cm-super/sftt0800.pfb>
Output written on TSWLatexianTemp_001321.pdf (6 pages, 569752 bytes).
PDF statistics:
 321 PDF objects out of 1000 (max. 8388607)
 281 compressed objects within 3 object streams
 74 named destinations out of 1000 (max. 500000)
 44154 words of extra memory for PDF output out of 51595 (max. 10000000)

